2025-03-25 22:07:23,485 - app.main - INFO - Received file upload request
2025-03-25 22:07:23,487 - app.main - INFO - File uploaded successfully
2025-03-25 22:08:05,331 - app.main - INFO - Received file upload request
2025-03-25 22:08:05,336 - app.main - INFO - File uploaded successfully
2025-03-25 22:08:46,134 - app.main - INFO - Received file upload request
2025-03-25 22:08:46,136 - app.main - INFO - File uploaded successfully
2025-03-25 22:19:06,365 - app.main - INFO - Received file upload request
2025-03-25 22:19:06,401 - app.main - INFO - File uploaded successfully to uploads\__KL4303.JPG
2025-03-25 22:32:18,545 - app.main - INFO - Received file upload request
2025-03-25 22:32:18,578 - app.main - INFO - File uploaded successfully to uploads\__KL4308.JPG
2025-03-25 22:33:00,524 - app.main - INFO - Received file upload request
2025-03-25 22:33:00,667 - app.main - INFO - File uploaded successfully to uploads\__KL4308.JPG
2025-03-25 22:33:34,359 - app.main - INFO - Received file upload request
2025-03-25 22:33:34,373 - app.main - INFO - File uploaded successfully to uploads\__KL4308.JPG
2025-03-25 22:36:00,163 - app.main - INFO - Received file upload request
2025-03-25 22:36:00,180 - app.main - INFO - File uploaded successfully to uploads\__KL4308.JPG
2025-03-25 22:37:40,036 - app.main - INFO - Received file upload request
2025-03-25 22:37:40,162 - app.main - INFO - File uploaded successfully to uploads\__KL4308.JPG
2025-03-25 22:38:05,796 - app.main - INFO - Received file upload request
2025-03-25 22:38:05,800 - app.main - INFO - File uploaded successfully to uploads\__KL4308.JPG
2025-03-25 22:40:25,322 - app.main - INFO - Received file upload request
2025-03-25 22:40:25,342 - app.main - INFO - File uploaded successfully to uploads\__KL4308.JPG
2025-03-25 22:41:32,644 - app.main - INFO - Received file upload request
2025-03-25 22:41:32,662 - app.main - INFO - File uploaded successfully to uploads\__KL4308.JPG
2025-03-25 22:48:28,858 - app.main - INFO - Received file upload request
2025-03-25 22:48:28,862 - app.main - INFO - File uploaded successfully to uploads\__KL4308.JPG
2025-03-25 22:51:05,756 - app.main - INFO - Received file upload request
2025-03-25 22:51:05,758 - app.main - INFO - File uploaded successfully to uploads\Shiva.jpg
2025-03-25 22:51:57,637 - app.main - INFO - Received file upload request
2025-03-25 22:51:57,640 - app.main - INFO - File uploaded successfully to uploads\Shiva.jpg
2025-03-25 22:53:28,714 - app.main - INFO - Received file upload request
2025-03-25 22:53:28,718 - app.main - INFO - File uploaded successfully to uploads\Shiva.jpg
2025-03-25 22:54:13,645 - app.main - INFO - Received file upload request
2025-03-25 22:54:13,658 - app.main - INFO - File uploaded successfully to uploads\__KL4308.JPG
2025-03-25 22:56:17,996 - app.main - INFO - Received file upload request
2025-03-25 22:56:18,017 - app.main - INFO - File uploaded successfully to uploads\__KL4308.JPG
2025-03-25 23:05:36,747 - app.main - INFO - Received file upload request
2025-03-25 23:05:36,747 - app.main - INFO - File uploaded successfully to uploads\Shiva.jpg
2025-03-25 23:06:51,612 - app.main - INFO - Received file upload request
2025-03-25 23:06:51,616 - app.main - INFO - File uploaded successfully to uploads\shutterstock_260182148-min-1080x719.jpg
2025-03-25 23:07:26,146 - app.main - INFO - Received file upload request
2025-03-25 23:07:26,149 - app.main - INFO - File uploaded successfully to uploads\shutterstock_260182148-min-1080x719.jpg
2025-03-25 23:08:14,785 - app.main - INFO - Received file upload request
2025-03-25 23:08:14,790 - app.main - INFO - File uploaded successfully to uploads\shutterstock_260182148-min-1080x719.jpg
2025-03-25 23:09:51,123 - app.main - INFO - Received file upload request
2025-03-25 23:09:51,130 - app.main - INFO - File uploaded successfully to uploads\shutterstock_260182148-min-1080x719.jpg
2025-03-25 23:10:36,954 - app.main - INFO - Received file upload request
2025-03-25 23:10:36,955 - app.main - INFO - File uploaded successfully to uploads\shutterstock_260182148-min-1080x719.jpg
2025-03-25 23:13:22,340 - app.main - INFO - Received file upload request
2025-03-25 23:13:22,345 - app.main - INFO - File uploaded successfully to uploads\shutterstock_260182148-min-1080x719.jpg
2025-03-25 23:16:17,331 - app.main - INFO - Received file upload request
2025-03-25 23:16:17,332 - app.main - INFO - File uploaded successfully to uploads\shutterstock_260182148-min-1080x719.jpg
2025-03-25 23:17:54,902 - app.main - INFO - Received file upload request
2025-03-25 23:17:54,903 - app.main - INFO - File uploaded successfully to uploads\shutterstock_260182148-min-1080x719.jpg
2025-03-25 23:22:30,509 - app.main - INFO - Received file upload request
2025-03-25 23:22:30,513 - app.main - INFO - File uploaded successfully to uploads\shutterstock_260182148-min-1080x719.jpg
2025-03-25 23:26:35,723 - app.main - INFO - Received file upload request
2025-03-25 23:26:35,739 - app.main - INFO - File uploaded successfully to uploads\shutterstock_260182148-min-1080x719.jpg
2025-03-25 23:27:54,294 - app.main - INFO - Received file upload request
2025-03-25 23:27:54,295 - app.main - INFO - File uploaded successfully to uploads\shutterstock_260182148-min-1080x719.jpg
2025-03-25 23:31:48,701 - app.main - INFO - Received file upload request
2025-03-25 23:31:48,717 - app.main - INFO - File uploaded successfully to uploads\shutterstock_260182148-min-1080x719.jpg
2025-03-25 23:32:36,164 - app.main - INFO - Received file upload request
2025-03-25 23:32:36,164 - app.main - INFO - File uploaded successfully to uploads\shutterstock_260182148-min-1080x719.jpg
2025-03-25 23:33:03,461 - app.main - INFO - Received file upload request
2025-03-25 23:33:03,461 - app.main - INFO - File uploaded successfully to uploads\shutterstock_260182148-min-1080x719.jpg
2025-03-25 23:33:56,662 - app.main - INFO - Received file upload request
2025-03-25 23:33:56,664 - app.main - INFO - File uploaded successfully to uploads\shutterstock_260182148-min-1080x719.jpg
